Using pre-set license
Built from '2020.3/release' branch; Version is '2020.3.12f1 (b3b2c6512326) revision 11776710'; Using compiler version '192528614'; Build Type 'Release'
OS: 'Windows 10 Home; OS build 19041.685; Version 2004; 64bit' Language: 'en' Physical Memory: 7636 MB
BatchMode: 1, IsHumanControllingUs: 0, StartBugReporterOnCrash: 0, Is64bit: 1, IsPro: 0

 COMMAND LINE ARGUMENTS:
C:\Program Files\Unity\Hub\Editor\2020.3.12f1\Editor\Unity.exe
-adb2
-batchMode
-noUpm
-name
AssetImportWorker0
-projectPath
C:/Users/rhysm/OneDrive/Documents/Unity Projects/Donut Factory
-logFile
Logs/AssetImportWorker0.log
-srvPort
62143
Successfully changed project path to: C:/Users/rhysm/OneDrive/Documents/Unity Projects/Donut Factory
C:/Users/rhysm/OneDrive/Documents/Unity Projects/Donut Factory
Using Asset Import Pipeline V2.
Refreshing native plugins compatible for Editor in 458.42 ms, found 2 plugins.
Preloading 0 native plugins for Editor in 0.00 ms.
Initialize engine version: 2020.3.12f1 (b3b2c6512326)
[Subsystems] Discovering subsystems at path C:/Program Files/Unity/Hub/Editor/2020.3.12f1/Editor/Data/Resources/UnitySubsystems
[Subsystems] Discovering subsystems at path C:/Users/rhysm/OneDrive/Documents/Unity Projects/Donut Factory/Assets
GfxDevice: creating device client; threaded=0
Direct3D:
    Version:  Direct3D 11.0 [level 11.1]
    Renderer: AMD Radeon(TM) R5 Graphics (ID=0x98e4)
    Vendor:   
    VRAM:     3818 MB
    Driver:   27.20.14501.18003
Initialize mono
Mono path[0] = 'C:/Program Files/Unity/Hub/Editor/2020.3.12f1/Editor/Data/Managed'
Mono path[1] = 'C:/Program Files/Unity/Hub/Editor/2020.3.12f1/Editor/Data/MonoBleedingEdge/lib/mono/unityjit'
Mono config path = 'C:/Program Files/Unity/Hub/Editor/2020.3.12f1/Editor/Data/MonoBleedingEdge/etc'
Using monoOptions --debugger-agent=transport=dt_socket,embedding=1,server=y,suspend=n,address=127.0.0.1:56516
Begin MonoManager ReloadAssembly
Registering precompiled unity dll's ...
Register platform support module: C:/Program Files/Unity/Hub/Editor/2020.3.12f1/Editor/Data/PlaybackEngines/WindowsStandaloneSupport/UnityEditor.WindowsStandalone.Extensions.dll
Registered in 0.007601 seconds.
Native extension for WindowsStandalone target not found
Refreshing native plugins compatible for Editor in 146.92 ms, found 2 plugins.
Preloading 0 native plugins for Editor in 0.00 ms.
Mono: successfully reloaded assembly
- Completed reload, in 11.297 seconds
Platform modules already initialized, skipping
Registering precompiled user dll's ...
Registered in 0.029896 seconds.
Begin MonoManager ReloadAssembly
Native extension for WindowsStandalone target not found
Refreshing native plugins compatible for Editor in 1.37 ms, found 2 plugins.
Preloading 0 native plugins for Editor in 0.00 ms.
Mono: successfully reloaded assembly
- Completed reload, in  2.628 seconds
Platform modules already initialized, skipping
========================================================================
Worker process is ready to serve import requests
Launched and connected shader compiler UnityShaderCompiler.exe after 0.14 seconds
Refreshing native plugins compatible for Editor in 1.37 ms, found 2 plugins.
Preloading 0 native plugins for Editor in 0.00 ms.
Unloading 2105 Unused Serialized files (Serialized files now loaded: 0)
System memory in use before: 86.0 MB.
System memory in use after: 86.1 MB.

Unloading 61 unused Assets to reduce memory usage. Loaded Objects now: 2512.
Total: 10.549800 ms (FindLiveObjects: 0.524000 ms CreateObjectMapping: 0.138400 ms MarkObjects: 9.791000 ms  DeleteObjects: 0.092400 ms)

AssetImportParameters requested are different than current active one (requested -> active):
  custom:framework-win-MediaFoundation: 216162199b28c13a410421893ffa2e32 -> 
  custom:video-decoder-ogg-theora: a1e56fd34408186e4bbccfd4996cb3dc -> 
  custom:container-muxer-webm: aa71ff27fc2769a1b78a27578f13a17b -> 
  custom:container-demuxer-webm: 4f35f7cbe854078d1ac9338744f61a02 -> 
  custom:container-demuxer-ogg: 62fdf1f143b41e24485cea50d1cbac27 -> 
  custom:video-encoder-webm-vp8: eb34c28f22e8b96e1ab97ce403110664 -> 
  custom:video-decoder-webm-vp8: 9c59270c3fd7afecdb556c50c9e8de78 -> 
  custom:audio-decoder-ogg-vorbis: bf7c407c2cedff20999df2af8eb42d56 -> 
  custom:audio-encoder-webm-vorbis: bf7c407c2cedff20999df2af8eb42d56 -> 
========================================================================
Received Import Request.
  path: Assets/Products/Product.cs
  artifactKey: Guid(41c5d3956c6c0514a860456d6c14292c) Importer(815301076,1909f56bfc062723c751e8b465ee728b)
Start importing Assets/Products/Product.cs using Guid(41c5d3956c6c0514a860456d6c14292c) Importer(815301076,1909f56bfc062723c751e8b465ee728b)  -> (artifact id: '4f9036fc543c15ac3e57882e51593ff3') in 0.062258 seconds 
  Import took 0.071581 seconds .

========================================================================
Received Prepare
Registering precompiled user dll's ...
Registered in 0.017721 seconds.
Begin MonoManager ReloadAssembly
Native extension for WindowsStandalone target not found
Refreshing native plugins compatible for Editor in 2.31 ms, found 2 plugins.
Preloading 0 native plugins for Editor in 0.00 ms.
Mono: successfully reloaded assembly
- Completed reload, in  2.490 seconds
Platform modules already initialized, skipping
Refreshing native plugins compatible for Editor in 1.81 ms, found 2 plugins.
Preloading 0 native plugins for Editor in 0.00 ms.
Unloading 2099 Unused Serialized files (Serialized files now loaded: 0)
System memory in use before: 86.0 MB.
System memory in use after: 86.1 MB.

Unloading 53 unused Assets to reduce memory usage. Loaded Objects now: 2515.
Total: 12.488000 ms (FindLiveObjects: 0.607300 ms CreateObjectMapping: 0.244000 ms MarkObjects: 11.554800 ms  DeleteObjects: 0.078000 ms)

AssetImportParameters requested are different than current active one (requested -> active):
  custom:framework-win-MediaFoundation: 216162199b28c13a410421893ffa2e32 -> 
  custom:video-decoder-ogg-theora: a1e56fd34408186e4bbccfd4996cb3dc -> 
  custom:container-muxer-webm: aa71ff27fc2769a1b78a27578f13a17b -> 
  custom:container-demuxer-webm: 4f35f7cbe854078d1ac9338744f61a02 -> 
  custom:container-demuxer-ogg: 62fdf1f143b41e24485cea50d1cbac27 -> 
  custom:video-encoder-webm-vp8: eb34c28f22e8b96e1ab97ce403110664 -> 
  custom:video-decoder-webm-vp8: 9c59270c3fd7afecdb556c50c9e8de78 -> 
  custom:audio-decoder-ogg-vorbis: bf7c407c2cedff20999df2af8eb42d56 -> 
  custom:audio-encoder-webm-vorbis: bf7c407c2cedff20999df2af8eb42d56 -> 
========================================================================
Received Import Request.
  Time since last request: 129.466980 seconds.
  path: Assets/Machines/Spawner/Spawner Machine.prefab
  artifactKey: Guid(bb26260c2ac6af24985f954f5d2b5ff7) Importer(815301076,1909f56bfc062723c751e8b465ee728b)
Start importing Assets/Machines/Spawner/Spawner Machine.prefab using Guid(bb26260c2ac6af24985f954f5d2b5ff7) Importer(815301076,1909f56bfc062723c751e8b465ee728b)  -> (artifact id: '9cdcc51d0216b70c7d0935b24ce14e28') in 0.719170 seconds 
  Import took 0.796643 seconds .

========================================================================
Received Prepare
Registering precompiled user dll's ...
Registered in 0.233034 seconds.
Begin MonoManager ReloadAssembly
Native extension for WindowsStandalone target not found
Refreshing native plugins compatible for Editor in 13.76 ms, found 2 plugins.
Preloading 0 native plugins for Editor in 0.00 ms.
Mono: successfully reloaded assembly
- Completed reload, in 36.179 seconds
Platform modules already initialized, skipping
Refreshing native plugins compatible for Editor in 11.01 ms, found 2 plugins.
Preloading 0 native plugins for Editor in 0.00 ms.
Unloading 2099 Unused Serialized files (Serialized files now loaded: 0)
System memory in use before: 89.0 MB.
System memory in use after: 89.1 MB.

Unloading 53 unused Assets to reduce memory usage. Loaded Objects now: 2525.
Total: 77.127100 ms (FindLiveObjects: 2.398000 ms CreateObjectMapping: 1.672200 ms MarkObjects: 72.759300 ms  DeleteObjects: 0.293200 ms)

AssetImportParameters requested are different than current active one (requested -> active):
  custom:framework-win-MediaFoundation: 216162199b28c13a410421893ffa2e32 -> 
  custom:video-decoder-ogg-theora: a1e56fd34408186e4bbccfd4996cb3dc -> 
  custom:container-muxer-webm: aa71ff27fc2769a1b78a27578f13a17b -> 
  custom:container-demuxer-webm: 4f35f7cbe854078d1ac9338744f61a02 -> 
  custom:container-demuxer-ogg: 62fdf1f143b41e24485cea50d1cbac27 -> 
  custom:video-encoder-webm-vp8: eb34c28f22e8b96e1ab97ce403110664 -> 
  custom:video-decoder-webm-vp8: 9c59270c3fd7afecdb556c50c9e8de78 -> 
  custom:audio-decoder-ogg-vorbis: bf7c407c2cedff20999df2af8eb42d56 -> 
  custom:audio-encoder-webm-vorbis: bf7c407c2cedff20999df2af8eb42d56 -> 
========================================================================
Received Prepare
Registering precompiled user dll's ...
Registered in 0.041471 seconds.
Begin MonoManager ReloadAssembly
Native extension for WindowsStandalone target not found
Refreshing native plugins compatible for Editor in 1.43 ms, found 2 plugins.
Preloading 0 native plugins for Editor in 0.00 ms.
Mono: successfully reloaded assembly
- Completed reload, in  2.330 seconds
Platform modules already initialized, skipping
Refreshing native plugins compatible for Editor in 2.71 ms, found 2 plugins.
Preloading 0 native plugins for Editor in 0.00 ms.
Unloading 2099 Unused Serialized files (Serialized files now loaded: 0)
System memory in use before: 89.1 MB.
System memory in use after: 89.2 MB.

Unloading 53 unused Assets to reduce memory usage. Loaded Objects now: 2528.
Total: 12.352600 ms (FindLiveObjects: 0.536500 ms CreateObjectMapping: 0.157800 ms MarkObjects: 11.580600 ms  DeleteObjects: 0.073000 ms)

AssetImportParameters requested are different than current active one (requested -> active):
  custom:framework-win-MediaFoundation: 216162199b28c13a410421893ffa2e32 -> 
  custom:video-decoder-ogg-theora: a1e56fd34408186e4bbccfd4996cb3dc -> 
  custom:container-muxer-webm: aa71ff27fc2769a1b78a27578f13a17b -> 
  custom:container-demuxer-webm: 4f35f7cbe854078d1ac9338744f61a02 -> 
  custom:container-demuxer-ogg: 62fdf1f143b41e24485cea50d1cbac27 -> 
  custom:video-encoder-webm-vp8: eb34c28f22e8b96e1ab97ce403110664 -> 
  custom:video-decoder-webm-vp8: 9c59270c3fd7afecdb556c50c9e8de78 -> 
  custom:audio-decoder-ogg-vorbis: bf7c407c2cedff20999df2af8eb42d56 -> 
  custom:audio-encoder-webm-vorbis: bf7c407c2cedff20999df2af8eb42d56 -> 
========================================================================
Received Prepare
Registering precompiled user dll's ...
Registered in 0.050810 seconds.
Begin MonoManager ReloadAssembly
Native extension for WindowsStandalone target not found
Refreshing native plugins compatible for Editor in 1.42 ms, found 2 plugins.
Preloading 0 native plugins for Editor in 0.00 ms.
Mono: successfully reloaded assembly
- Completed reload, in  2.401 seconds
Platform modules already initialized, skipping
Refreshing native plugins compatible for Editor in 1.68 ms, found 2 plugins.
Preloading 0 native plugins for Editor in 0.00 ms.
Unloading 2099 Unused Serialized files (Serialized files now loaded: 0)
System memory in use before: 89.1 MB.
System memory in use after: 89.2 MB.

Unloading 53 unused Assets to reduce memory usage. Loaded Objects now: 2531.
Total: 12.257800 ms (FindLiveObjects: 0.537100 ms CreateObjectMapping: 0.148300 ms MarkObjects: 11.496500 ms  DeleteObjects: 0.072300 ms)

AssetImportParameters requested are different than current active one (requested -> active):
  custom:framework-win-MediaFoundation: 216162199b28c13a410421893ffa2e32 -> 
  custom:video-decoder-ogg-theora: a1e56fd34408186e4bbccfd4996cb3dc -> 
  custom:container-muxer-webm: aa71ff27fc2769a1b78a27578f13a17b -> 
  custom:container-demuxer-webm: 4f35f7cbe854078d1ac9338744f61a02 -> 
  custom:container-demuxer-ogg: 62fdf1f143b41e24485cea50d1cbac27 -> 
  custom:video-encoder-webm-vp8: eb34c28f22e8b96e1ab97ce403110664 -> 
  custom:video-decoder-webm-vp8: 9c59270c3fd7afecdb556c50c9e8de78 -> 
  custom:audio-decoder-ogg-vorbis: bf7c407c2cedff20999df2af8eb42d56 -> 
  custom:audio-encoder-webm-vorbis: bf7c407c2cedff20999df2af8eb42d56 -> 
========================================================================
Received Prepare
Registering precompiled user dll's ...
Registered in 0.032890 seconds.
Begin MonoManager ReloadAssembly
Native extension for WindowsStandalone target not found
Refreshing native plugins compatible for Editor in 1.40 ms, found 2 plugins.
Preloading 0 native plugins for Editor in 0.00 ms.
Mono: successfully reloaded assembly
- Completed reload, in  4.614 seconds
Platform modules already initialized, skipping
Refreshing native plugins compatible for Editor in 1.66 ms, found 2 plugins.
Preloading 0 native plugins for Editor in 0.00 ms.
Unloading 2099 Unused Serialized files (Serialized files now loaded: 0)
System memory in use before: 89.1 MB.
System memory in use after: 89.2 MB.

Unloading 53 unused Assets to reduce memory usage. Loaded Objects now: 2534.
Total: 15.874100 ms (FindLiveObjects: 0.537900 ms CreateObjectMapping: 0.157000 ms MarkObjects: 15.099100 ms  DeleteObjects: 0.076000 ms)

AssetImportParameters requested are different than current active one (requested -> active):
  custom:framework-win-MediaFoundation: 216162199b28c13a410421893ffa2e32 -> 
  custom:video-decoder-ogg-theora: a1e56fd34408186e4bbccfd4996cb3dc -> 
  custom:container-muxer-webm: aa71ff27fc2769a1b78a27578f13a17b -> 
  custom:container-demuxer-webm: 4f35f7cbe854078d1ac9338744f61a02 -> 
  custom:container-demuxer-ogg: 62fdf1f143b41e24485cea50d1cbac27 -> 
  custom:video-encoder-webm-vp8: eb34c28f22e8b96e1ab97ce403110664 -> 
  custom:video-decoder-webm-vp8: 9c59270c3fd7afecdb556c50c9e8de78 -> 
  custom:audio-decoder-ogg-vorbis: bf7c407c2cedff20999df2af8eb42d56 -> 
  custom:audio-encoder-webm-vorbis: bf7c407c2cedff20999df2af8eb42d56 -> 
========================================================================
Received Import Request.
  Time since last request: 416.567320 seconds.
  path: Assets/Products/Donut/Donut Product.prefab
  artifactKey: Guid(18b38483186dbd940986dc2f40d2c96d) Importer(815301076,1909f56bfc062723c751e8b465ee728b)
Start importing Assets/Products/Donut/Donut Product.prefab using Guid(18b38483186dbd940986dc2f40d2c96d) Importer(815301076,1909f56bfc062723c751e8b465ee728b)  -> (artifact id: '1a80cfbb4cc3b000827351726acb1906') in 0.716860 seconds 
  Import took 0.744971 seconds .

========================================================================
Received Import Request.
  Time since last request: 27.784168 seconds.
  path: Assets/Products/Donut/Donut Product.prefab
  artifactKey: Guid(18b38483186dbd940986dc2f40d2c96d) Importer(815301076,1909f56bfc062723c751e8b465ee728b)
Start importing Assets/Products/Donut/Donut Product.prefab using Guid(18b38483186dbd940986dc2f40d2c96d) Importer(815301076,1909f56bfc062723c751e8b465ee728b)  -> (artifact id: '84fbd394d0f58b3b85946f07a8cc6cb1') in 0.098635 seconds 
  Import took 0.252615 seconds .

========================================================================
Received Import Request.
  Time since last request: 10.894029 seconds.
  path: Assets/Products/Donut/Donut Product.prefab
  artifactKey: Guid(18b38483186dbd940986dc2f40d2c96d) Importer(815301076,1909f56bfc062723c751e8b465ee728b)
Start importing Assets/Products/Donut/Donut Product.prefab using Guid(18b38483186dbd940986dc2f40d2c96d) Importer(815301076,1909f56bfc062723c751e8b465ee728b)  -> (artifact id: '96e1c58b8068861fe0bb0535f4a07809') in 0.117528 seconds 
  Import took 0.172406 seconds .

========================================================================
Received Import Request.
  Time since last request: 1.493778 seconds.
  path: Assets/Products/Donut/Donut Product.prefab
  artifactKey: Guid(18b38483186dbd940986dc2f40d2c96d) Importer(815301076,1909f56bfc062723c751e8b465ee728b)
Start importing Assets/Products/Donut/Donut Product.prefab using Guid(18b38483186dbd940986dc2f40d2c96d) Importer(815301076,1909f56bfc062723c751e8b465ee728b)  -> (artifact id: 'c36d36e2229e8e4dca206b7e325580c9') in 0.094961 seconds 
  Import took 0.130657 seconds .

========================================================================
Received Prepare
Registering precompiled user dll's ...
Registered in 0.025642 seconds.
Begin MonoManager ReloadAssembly
Native extension for WindowsStandalone target not found
Refreshing native plugins compatible for Editor in 1.38 ms, found 2 plugins.
Preloading 0 native plugins for Editor in 0.00 ms.
Mono: successfully reloaded assembly
- Completed reload, in  2.603 seconds
Platform modules already initialized, skipping
Refreshing native plugins compatible for Editor in 3.66 ms, found 2 plugins.
Preloading 0 native plugins for Editor in 0.00 ms.
Unloading 2099 Unused Serialized files (Serialized files now loaded: 0)
System memory in use before: 89.1 MB.
System memory in use after: 89.2 MB.

Unloading 53 unused Assets to reduce memory usage. Loaded Objects now: 2538.
Total: 28.179800 ms (FindLiveObjects: 1.343200 ms CreateObjectMapping: 0.349100 ms MarkObjects: 26.363900 ms  DeleteObjects: 0.119000 ms)

AssetImportParameters requested are different than current active one (requested -> active):
  custom:framework-win-MediaFoundation: 216162199b28c13a410421893ffa2e32 -> 
  custom:video-decoder-ogg-theora: a1e56fd34408186e4bbccfd4996cb3dc -> 
  custom:container-muxer-webm: aa71ff27fc2769a1b78a27578f13a17b -> 
  custom:container-demuxer-webm: 4f35f7cbe854078d1ac9338744f61a02 -> 
  custom:container-demuxer-ogg: 62fdf1f143b41e24485cea50d1cbac27 -> 
  custom:video-encoder-webm-vp8: eb34c28f22e8b96e1ab97ce403110664 -> 
  custom:video-decoder-webm-vp8: 9c59270c3fd7afecdb556c50c9e8de78 -> 
  custom:audio-decoder-ogg-vorbis: bf7c407c2cedff20999df2af8eb42d56 -> 
  custom:audio-encoder-webm-vorbis: bf7c407c2cedff20999df2af8eb42d56 -> 
========================================================================
Received Import Request.
  Time since last request: 974.946882 seconds.
  path: Assets/Products/Product Manager
  artifactKey: Guid(45a5dbc2673ea0c4e921d2563d8f66c8) Importer(815301076,1909f56bfc062723c751e8b465ee728b)
Start importing Assets/Products/Product Manager using Guid(45a5dbc2673ea0c4e921d2563d8f66c8) Importer(815301076,1909f56bfc062723c751e8b465ee728b)  -> (artifact id: '368ebea61de60804503fc9d9a391e9b7') in 0.071365 seconds 
  Import took 0.089055 seconds .

========================================================================
Received Prepare
Registering precompiled user dll's ...
Registered in 0.038198 seconds.
Begin MonoManager ReloadAssembly
Native extension for WindowsStandalone target not found
Refreshing native plugins compatible for Editor in 1.42 ms, found 2 plugins.
Preloading 0 native plugins for Editor in 0.00 ms.
Mono: successfully reloaded assembly
- Completed reload, in  2.763 seconds
Platform modules already initialized, skipping
Refreshing native plugins compatible for Editor in 1.69 ms, found 2 plugins.
Preloading 0 native plugins for Editor in 0.00 ms.
Unloading 2099 Unused Serialized files (Serialized files now loaded: 0)
System memory in use before: 89.1 MB.
System memory in use after: 89.2 MB.

Unloading 53 unused Assets to reduce memory usage. Loaded Objects now: 2541.
Total: 14.250900 ms (FindLiveObjects: 0.531700 ms CreateObjectMapping: 0.317100 ms MarkObjects: 13.316500 ms  DeleteObjects: 0.081400 ms)

AssetImportParameters requested are different than current active one (requested -> active):
  custom:framework-win-MediaFoundation: 216162199b28c13a410421893ffa2e32 -> 
  custom:video-decoder-ogg-theora: a1e56fd34408186e4bbccfd4996cb3dc -> 
  custom:container-muxer-webm: aa71ff27fc2769a1b78a27578f13a17b -> 
  custom:container-demuxer-webm: 4f35f7cbe854078d1ac9338744f61a02 -> 
  custom:container-demuxer-ogg: 62fdf1f143b41e24485cea50d1cbac27 -> 
  custom:video-encoder-webm-vp8: eb34c28f22e8b96e1ab97ce403110664 -> 
  custom:video-decoder-webm-vp8: 9c59270c3fd7afecdb556c50c9e8de78 -> 
  custom:audio-decoder-ogg-vorbis: bf7c407c2cedff20999df2af8eb42d56 -> 
  custom:audio-encoder-webm-vorbis: bf7c407c2cedff20999df2af8eb42d56 -> 
========================================================================
Received Import Request.
  Time since last request: 294.363268 seconds.
  path: Assets/Products/Product Manager/ProductManager.cs
  artifactKey: Guid(2c2fbc4b8a63b79448b9f2e9eadb28c4) Importer(815301076,1909f56bfc062723c751e8b465ee728b)
Start importing Assets/Products/Product Manager/ProductManager.cs using Guid(2c2fbc4b8a63b79448b9f2e9eadb28c4) Importer(815301076,1909f56bfc062723c751e8b465ee728b)  -> (artifact id: '1962066ae6d6897a1456695349052193') in 0.063084 seconds 
  Import took 0.074288 seconds .

========================================================================
Received Prepare
Registering precompiled user dll's ...
Registered in 0.056074 seconds.
Begin MonoManager ReloadAssembly
Native extension for WindowsStandalone target not found
Refreshing native plugins compatible for Editor in 1.54 ms, found 2 plugins.
Preloading 0 native plugins for Editor in 0.00 ms.
Mono: successfully reloaded assembly
- Completed reload, in  3.029 seconds
Platform modules already initialized, skipping
Refreshing native plugins compatible for Editor in 4.03 ms, found 2 plugins.
Preloading 0 native plugins for Editor in 0.00 ms.
Unloading 2099 Unused Serialized files (Serialized files now loaded: 0)
System memory in use before: 89.1 MB.
System memory in use after: 89.2 MB.

Unloading 53 unused Assets to reduce memory usage. Loaded Objects now: 2544.
Total: 30.651300 ms (FindLiveObjects: 3.958200 ms CreateObjectMapping: 0.951600 ms MarkObjects: 25.604700 ms  DeleteObjects: 0.133100 ms)

AssetImportParameters requested are different than current active one (requested -> active):
  custom:framework-win-MediaFoundation: 216162199b28c13a410421893ffa2e32 -> 
  custom:video-decoder-ogg-theora: a1e56fd34408186e4bbccfd4996cb3dc -> 
  custom:container-muxer-webm: aa71ff27fc2769a1b78a27578f13a17b -> 
  custom:container-demuxer-webm: 4f35f7cbe854078d1ac9338744f61a02 -> 
  custom:container-demuxer-ogg: 62fdf1f143b41e24485cea50d1cbac27 -> 
  custom:video-encoder-webm-vp8: eb34c28f22e8b96e1ab97ce403110664 -> 
  custom:video-decoder-webm-vp8: 9c59270c3fd7afecdb556c50c9e8de78 -> 
  custom:audio-decoder-ogg-vorbis: bf7c407c2cedff20999df2af8eb42d56 -> 
  custom:audio-encoder-webm-vorbis: bf7c407c2cedff20999df2af8eb42d56 -> 
========================================================================
Received Import Request.
  Time since last request: 398.238498 seconds.
  path: Assets/Products/Product Manager/ProductManager.cs
  artifactKey: Guid(2c2fbc4b8a63b79448b9f2e9eadb28c4) Importer(815301076,1909f56bfc062723c751e8b465ee728b)
Start importing Assets/Products/Product Manager/ProductManager.cs using Guid(2c2fbc4b8a63b79448b9f2e9eadb28c4) Importer(815301076,1909f56bfc062723c751e8b465ee728b)  -> (artifact id: '4596c1d70a838d964b6c3caed33bcd9a') in 0.100780 seconds 
  Import took 0.121636 seconds .

========================================================================
Received Import Request.
  Time since last request: 4.195226 seconds.
  path: Assets/Machines/Machine Manager/Machine Manager.prefab
  artifactKey: Guid(3b0b00c82dc8c514f9b019f81f141aff) Importer(815301076,1909f56bfc062723c751e8b465ee728b)
Start importing Assets/Machines/Machine Manager/Machine Manager.prefab using Guid(3b0b00c82dc8c514f9b019f81f141aff) Importer(815301076,1909f56bfc062723c751e8b465ee728b)  -> (artifact id: '1ceaa9801b76b0ce59491fbe3dce09d2') in 0.065026 seconds 
  Import took 0.072562 seconds .

========================================================================
Received Import Request.
  Time since last request: 20.214543 seconds.
  path: Assets/Products/Donut/Donut Product.prefab
  artifactKey: Guid(18b38483186dbd940986dc2f40d2c96d) Importer(815301076,1909f56bfc062723c751e8b465ee728b)
Start importing Assets/Products/Donut/Donut Product.prefab using Guid(18b38483186dbd940986dc2f40d2c96d) Importer(815301076,1909f56bfc062723c751e8b465ee728b)  -> (artifact id: '864a13acd37bf284f869f76e27c7058d') in 0.352180 seconds 
  Import took 0.503649 seconds .

========================================================================
Received Import Request.
  Time since last request: 8266.251100 seconds.
  path: Assets/Scenes/Levels/Level 1.unity
  artifactKey: Guid(8c380b59d22cd8445966a9a3a62aa1d2) Importer(815301076,1909f56bfc062723c751e8b465ee728b)
Start importing Assets/Scenes/Levels/Level 1.unity using Guid(8c380b59d22cd8445966a9a3a62aa1d2) Importer(815301076,1909f56bfc062723c751e8b465ee728b)  -> (artifact id: '5367f6df70740cf8679a129f18cd5b75') in 0.124572 seconds 
  Import took 0.366061 seconds .

========================================================================
Received Prepare
Registering precompiled user dll's ...
Registered in 0.563068 seconds.
Begin MonoManager ReloadAssembly
Native extension for WindowsStandalone target not found
Refreshing native plugins compatible for Editor in 10.61 ms, found 2 plugins.
Preloading 0 native plugins for Editor in 0.00 ms.
Mono: successfully reloaded assembly
- Completed reload, in 33.134 seconds
Platform modules already initialized, skipping
Refreshing native plugins compatible for Editor in 1.60 ms, found 2 plugins.
Preloading 0 native plugins for Editor in 0.00 ms.
Unloading 2099 Unused Serialized files (Serialized files now loaded: 0)
System memory in use before: 89.1 MB.
System memory in use after: 89.3 MB.

Unloading 53 unused Assets to reduce memory usage. Loaded Objects now: 2548.
Total: 48.626800 ms (FindLiveObjects: 0.570200 ms CreateObjectMapping: 0.368300 ms MarkObjects: 47.513600 ms  DeleteObjects: 0.170000 ms)

AssetImportParameters requested are different than current active one (requested -> active):
  custom:framework-win-MediaFoundation: 216162199b28c13a410421893ffa2e32 -> 
  custom:video-decoder-ogg-theora: a1e56fd34408186e4bbccfd4996cb3dc -> 
  custom:container-muxer-webm: aa71ff27fc2769a1b78a27578f13a17b -> 
  custom:container-demuxer-webm: 4f35f7cbe854078d1ac9338744f61a02 -> 
  custom:container-demuxer-ogg: 62fdf1f143b41e24485cea50d1cbac27 -> 
  custom:video-encoder-webm-vp8: eb34c28f22e8b96e1ab97ce403110664 -> 
  custom:video-decoder-webm-vp8: 9c59270c3fd7afecdb556c50c9e8de78 -> 
  custom:audio-decoder-ogg-vorbis: bf7c407c2cedff20999df2af8eb42d56 -> 
  custom:audio-encoder-webm-vorbis: bf7c407c2cedff20999df2af8eb42d56 -> 
========================================================================
Received Prepare
Registering precompiled user dll's ...
Registered in 0.084754 seconds.
Begin MonoManager ReloadAssembly
Native extension for WindowsStandalone target not found
Refreshing native plugins compatible for Editor in 1.96 ms, found 2 plugins.
Preloading 0 native plugins for Editor in 0.00 ms.
Mono: successfully reloaded assembly
- Completed reload, in 18.074 seconds
Platform modules already initialized, skipping
Refreshing native plugins compatible for Editor in 20.74 ms, found 2 plugins.
Preloading 0 native plugins for Editor in 0.00 ms.
Unloading 2099 Unused Serialized files (Serialized files now loaded: 0)
System memory in use before: 89.2 MB.
System memory in use after: 89.3 MB.

Unloading 53 unused Assets to reduce memory usage. Loaded Objects now: 2551.
Total: 25.310800 ms (FindLiveObjects: 3.726300 ms CreateObjectMapping: 0.329300 ms MarkObjects: 21.157100 ms  DeleteObjects: 0.092900 ms)

AssetImportParameters requested are different than current active one (requested -> active):
  custom:framework-win-MediaFoundation: 216162199b28c13a410421893ffa2e32 -> 
  custom:video-decoder-ogg-theora: a1e56fd34408186e4bbccfd4996cb3dc -> 
  custom:container-muxer-webm: aa71ff27fc2769a1b78a27578f13a17b -> 
  custom:container-demuxer-webm: 4f35f7cbe854078d1ac9338744f61a02 -> 
  custom:container-demuxer-ogg: 62fdf1f143b41e24485cea50d1cbac27 -> 
  custom:video-encoder-webm-vp8: eb34c28f22e8b96e1ab97ce403110664 -> 
  custom:video-decoder-webm-vp8: 9c59270c3fd7afecdb556c50c9e8de78 -> 
  custom:audio-decoder-ogg-vorbis: bf7c407c2cedff20999df2af8eb42d56 -> 
  custom:audio-encoder-webm-vorbis: bf7c407c2cedff20999df2af8eb42d56 -> 
========================================================================
Received Prepare
Registering precompiled user dll's ...
Registered in 0.146359 seconds.
Begin MonoManager ReloadAssembly
Native extension for WindowsStandalone target not found
Refreshing native plugins compatible for Editor in 1.98 ms, found 2 plugins.
Preloading 0 native plugins for Editor in 0.00 ms.
Mono: successfully reloaded assembly
- Completed reload, in 17.274 seconds
Platform modules already initialized, skipping
Refreshing native plugins compatible for Editor in 1.80 ms, found 2 plugins.
Preloading 0 native plugins for Editor in 0.00 ms.
Unloading 2099 Unused Serialized files (Serialized files now loaded: 0)
System memory in use before: 89.2 MB.
System memory in use after: 89.3 MB.

Unloading 53 unused Assets to reduce memory usage. Loaded Objects now: 2554.
Total: 77.891800 ms (FindLiveObjects: 57.515200 ms CreateObjectMapping: 3.602300 ms MarkObjects: 16.678300 ms  DeleteObjects: 0.091200 ms)

AssetImportParameters requested are different than current active one (requested -> active):
  custom:framework-win-MediaFoundation: 216162199b28c13a410421893ffa2e32 -> 
  custom:video-decoder-ogg-theora: a1e56fd34408186e4bbccfd4996cb3dc -> 
  custom:container-muxer-webm: aa71ff27fc2769a1b78a27578f13a17b -> 
  custom:container-demuxer-webm: 4f35f7cbe854078d1ac9338744f61a02 -> 
  custom:container-demuxer-ogg: 62fdf1f143b41e24485cea50d1cbac27 -> 
  custom:video-encoder-webm-vp8: eb34c28f22e8b96e1ab97ce403110664 -> 
  custom:video-decoder-webm-vp8: 9c59270c3fd7afecdb556c50c9e8de78 -> 
  custom:audio-decoder-ogg-vorbis: bf7c407c2cedff20999df2af8eb42d56 -> 
  custom:audio-encoder-webm-vorbis: bf7c407c2cedff20999df2af8eb42d56 -> 
========================================================================
Received Prepare
Registering precompiled user dll's ...
Registered in 0.211099 seconds.
Begin MonoManager ReloadAssembly
Native extension for WindowsStandalone target not found
Refreshing native plugins compatible for Editor in 1.62 ms, found 2 plugins.
Preloading 0 native plugins for Editor in 0.00 ms.
Mono: successfully reloaded assembly
- Completed reload, in  9.800 seconds
Platform modules already initialized, skipping
Refreshing native plugins compatible for Editor in 4.90 ms, found 2 plugins.
Preloading 0 native plugins for Editor in 0.00 ms.
Unloading 2099 Unused Serialized files (Serialized files now loaded: 0)
System memory in use before: 89.2 MB.
System memory in use after: 89.3 MB.

Unloading 53 unused Assets to reduce memory usage. Loaded Objects now: 2557.
Total: 38.416100 ms (FindLiveObjects: 16.241100 ms CreateObjectMapping: 0.466000 ms MarkObjects: 20.509200 ms  DeleteObjects: 0.160600 ms)

AssetImportParameters requested are different than current active one (requested -> active):
  custom:framework-win-MediaFoundation: 216162199b28c13a410421893ffa2e32 -> 
  custom:video-decoder-ogg-theora: a1e56fd34408186e4bbccfd4996cb3dc -> 
  custom:container-muxer-webm: aa71ff27fc2769a1b78a27578f13a17b -> 
  custom:container-demuxer-webm: 4f35f7cbe854078d1ac9338744f61a02 -> 
  custom:container-demuxer-ogg: 62fdf1f143b41e24485cea50d1cbac27 -> 
  custom:video-encoder-webm-vp8: eb34c28f22e8b96e1ab97ce403110664 -> 
  custom:video-decoder-webm-vp8: 9c59270c3fd7afecdb556c50c9e8de78 -> 
  custom:audio-decoder-ogg-vorbis: bf7c407c2cedff20999df2af8eb42d56 -> 
  custom:audio-encoder-webm-vorbis: bf7c407c2cedff20999df2af8eb42d56 -> 
========================================================================
Received Prepare
Registering precompiled user dll's ...
Registered in 0.262061 seconds.
Begin MonoManager ReloadAssembly
Native extension for WindowsStandalone target not found
Refreshing native plugins compatible for Editor in 13.84 ms, found 2 plugins.
Preloading 0 native plugins for Editor in 0.00 ms.
Mono: successfully reloaded assembly
- Completed reload, in 10.658 seconds
Platform modules already initialized, skipping
Refreshing native plugins compatible for Editor in 31.93 ms, found 2 plugins.
Preloading 0 native plugins for Editor in 0.00 ms.
Unloading 2099 Unused Serialized files (Serialized files now loaded: 0)
System memory in use before: 89.2 MB.
System memory in use after: 89.3 MB.

Unloading 53 unused Assets to reduce memory usage. Loaded Objects now: 2560.
Total: 68.831900 ms (FindLiveObjects: 1.077900 ms CreateObjectMapping: 20.764000 ms MarkObjects: 46.882900 ms  DeleteObjects: 0.091200 ms)

AssetImportParameters requested are different than current active one (requested -> active):
  custom:framework-win-MediaFoundation: 216162199b28c13a410421893ffa2e32 -> 
  custom:video-decoder-ogg-theora: a1e56fd34408186e4bbccfd4996cb3dc -> 
  custom:container-muxer-webm: aa71ff27fc2769a1b78a27578f13a17b -> 
  custom:container-demuxer-webm: 4f35f7cbe854078d1ac9338744f61a02 -> 
  custom:container-demuxer-ogg: 62fdf1f143b41e24485cea50d1cbac27 -> 
  custom:video-encoder-webm-vp8: eb34c28f22e8b96e1ab97ce403110664 -> 
  custom:video-decoder-webm-vp8: 9c59270c3fd7afecdb556c50c9e8de78 -> 
  custom:audio-decoder-ogg-vorbis: bf7c407c2cedff20999df2af8eb42d56 -> 
  custom:audio-encoder-webm-vorbis: bf7c407c2cedff20999df2af8eb42d56 -> 
========================================================================
Received Import Request.
  Time since last request: 871.162838 seconds.
  path: Assets/Machines/Machine/MachineBase.cs
  artifactKey: Guid(337f1e7f137b7d946aaf11e0e3d786d3) Importer(815301076,1909f56bfc062723c751e8b465ee728b)
Start importing Assets/Machines/Machine/MachineBase.cs using Guid(337f1e7f137b7d946aaf11e0e3d786d3) Importer(815301076,1909f56bfc062723c751e8b465ee728b)  -> (artifact id: '5067fd092ebc10cab9c597f1bfe78bca') in 0.399146 seconds 
  Import took 0.446086 seconds .

========================================================================
Received Import Request.
  Time since last request: 0.000557 seconds.
  path: Assets/Machines/Machine/Machine.prefab
  artifactKey: Guid(470f4b4e9b820a146959846732365602) Importer(815301076,1909f56bfc062723c751e8b465ee728b)
Start importing Assets/Machines/Machine/Machine.prefab using Guid(470f4b4e9b820a146959846732365602) Importer(815301076,1909f56bfc062723c751e8b465ee728b)  -> (artifact id: 'cbf9023350c93ff4b3a664db4ecc3133') in 0.765730 seconds 
  Import took 1.072307 seconds .

========================================================================
Received Import Request.
  Time since last request: 60.127258 seconds.
  path: Assets/Products/Product Manager/Product Manager.prefab
  artifactKey: Guid(be021dd9b6daf0742b163ddfdeed4900) Importer(815301076,1909f56bfc062723c751e8b465ee728b)
Start importing Assets/Products/Product Manager/Product Manager.prefab using Guid(be021dd9b6daf0742b163ddfdeed4900) Importer(815301076,1909f56bfc062723c751e8b465ee728b)  -> (artifact id: '61f14d5da0651eeef65f5365ad633c53') in 0.131128 seconds 
  Import took 0.169958 seconds .

========================================================================
Received Prepare
Registering precompiled user dll's ...
Registered in 0.064024 seconds.
Begin MonoManager ReloadAssembly
Native extension for WindowsStandalone target not found
Refreshing native plugins compatible for Editor in 2.13 ms, found 2 plugins.
Preloading 0 native plugins for Editor in 0.00 ms.
Mono: successfully reloaded assembly
- Completed reload, in 10.474 seconds
Platform modules already initialized, skipping
Refreshing native plugins compatible for Editor in 1.54 ms, found 2 plugins.
Preloading 0 native plugins for Editor in 0.00 ms.
Unloading 2099 Unused Serialized files (Serialized files now loaded: 0)
System memory in use before: 89.2 MB.
System memory in use after: 89.3 MB.

Unloading 53 unused Assets to reduce memory usage. Loaded Objects now: 2563.
Total: 29.599800 ms (FindLiveObjects: 10.565900 ms CreateObjectMapping: 0.277000 ms MarkObjects: 18.671300 ms  DeleteObjects: 0.081100 ms)

AssetImportParameters requested are different than current active one (requested -> active):
  custom:framework-win-MediaFoundation: 216162199b28c13a410421893ffa2e32 -> 
  custom:video-decoder-ogg-theora: a1e56fd34408186e4bbccfd4996cb3dc -> 
  custom:container-muxer-webm: aa71ff27fc2769a1b78a27578f13a17b -> 
  custom:container-demuxer-webm: 4f35f7cbe854078d1ac9338744f61a02 -> 
  custom:container-demuxer-ogg: 62fdf1f143b41e24485cea50d1cbac27 -> 
  custom:video-encoder-webm-vp8: eb34c28f22e8b96e1ab97ce403110664 -> 
  custom:video-decoder-webm-vp8: 9c59270c3fd7afecdb556c50c9e8de78 -> 
  custom:audio-decoder-ogg-vorbis: bf7c407c2cedff20999df2af8eb42d56 -> 
  custom:audio-encoder-webm-vorbis: bf7c407c2cedff20999df2af8eb42d56 -> 
========================================================================
Received Prepare
Registering precompiled user dll's ...
Registered in 2.249751 seconds.
Begin MonoManager ReloadAssembly
Native extension for WindowsStandalone target not found
Refreshing native plugins compatible for Editor in 21.17 ms, found 2 plugins.
Preloading 0 native plugins for Editor in 0.00 ms.
Mono: successfully reloaded assembly
- Completed reload, in 15.732 seconds
Platform modules already initialized, skipping
Refreshing native plugins compatible for Editor in 1.74 ms, found 2 plugins.
Preloading 0 native plugins for Editor in 0.00 ms.
Unloading 2099 Unused Serialized files (Serialized files now loaded: 0)
System memory in use before: 89.2 MB.
System memory in use after: 89.3 MB.

Unloading 53 unused Assets to reduce memory usage. Loaded Objects now: 2566.
Total: 39.724100 ms (FindLiveObjects: 2.425500 ms CreateObjectMapping: 5.771300 ms MarkObjects: 30.869400 ms  DeleteObjects: 0.652700 ms)

AssetImportParameters requested are different than current active one (requested -> active):
  custom:framework-win-MediaFoundation: 216162199b28c13a410421893ffa2e32 -> 
  custom:video-decoder-ogg-theora: a1e56fd34408186e4bbccfd4996cb3dc -> 
  custom:container-muxer-webm: aa71ff27fc2769a1b78a27578f13a17b -> 
  custom:container-demuxer-webm: 4f35f7cbe854078d1ac9338744f61a02 -> 
  custom:container-demuxer-ogg: 62fdf1f143b41e24485cea50d1cbac27 -> 
  custom:video-encoder-webm-vp8: eb34c28f22e8b96e1ab97ce403110664 -> 
  custom:video-decoder-webm-vp8: 9c59270c3fd7afecdb556c50c9e8de78 -> 
  custom:audio-decoder-ogg-vorbis: bf7c407c2cedff20999df2af8eb42d56 -> 
  custom:audio-encoder-webm-vorbis: bf7c407c2cedff20999df2af8eb42d56 -> 
========================================================================
Received Prepare
Registering precompiled user dll's ...
Registered in 0.131295 seconds.
Begin MonoManager ReloadAssembly
Native extension for WindowsStandalone target not found
Refreshing native plugins compatible for Editor in 2.25 ms, found 2 plugins.
Preloading 0 native plugins for Editor in 0.00 ms.
Mono: successfully reloaded assembly
- Completed reload, in 12.771 seconds
Platform modules already initialized, skipping
Refreshing native plugins compatible for Editor in 3.03 ms, found 2 plugins.
Preloading 0 native plugins for Editor in 0.00 ms.
Unloading 2099 Unused Serialized files (Serialized files now loaded: 0)
System memory in use before: 89.2 MB.
System memory in use after: 89.3 MB.

Unloading 53 unused Assets to reduce memory usage. Loaded Objects now: 2569.
Total: 152.431200 ms (FindLiveObjects: 9.962100 ms CreateObjectMapping: 3.809300 ms MarkObjects: 138.547500 ms  DeleteObjects: 0.107200 ms)

AssetImportParameters requested are different than current active one (requested -> active):
  custom:framework-win-MediaFoundation: 216162199b28c13a410421893ffa2e32 -> 
  custom:video-decoder-ogg-theora: a1e56fd34408186e4bbccfd4996cb3dc -> 
  custom:container-muxer-webm: aa71ff27fc2769a1b78a27578f13a17b -> 
  custom:container-demuxer-webm: 4f35f7cbe854078d1ac9338744f61a02 -> 
  custom:container-demuxer-ogg: 62fdf1f143b41e24485cea50d1cbac27 -> 
  custom:video-encoder-webm-vp8: eb34c28f22e8b96e1ab97ce403110664 -> 
  custom:video-decoder-webm-vp8: 9c59270c3fd7afecdb556c50c9e8de78 -> 
  custom:audio-decoder-ogg-vorbis: bf7c407c2cedff20999df2af8eb42d56 -> 
  custom:audio-encoder-webm-vorbis: bf7c407c2cedff20999df2af8eb42d56 -> 
========================================================================
Received Import Request.
  Time since last request: 380.871577 seconds.
  path: Assets/Machines/Spawner/SpawnerMachine.cs
  artifactKey: Guid(5814fffb656de6a4ca637ac0a6a510dd) Importer(815301076,1909f56bfc062723c751e8b465ee728b)
Start importing Assets/Machines/Spawner/SpawnerMachine.cs using Guid(5814fffb656de6a4ca637ac0a6a510dd) Importer(815301076,1909f56bfc062723c751e8b465ee728b)  -> (artifact id: 'db5d14681c1f57d93af22639818adfbd') in 10.228493 seconds 
  Import took 22.224142 seconds .

========================================================================
Received Prepare
Registering precompiled user dll's ...
Registered in 0.062278 seconds.
Begin MonoManager ReloadAssembly
Native extension for WindowsStandalone target not found
Refreshing native plugins compatible for Editor in 20.33 ms, found 2 plugins.
Preloading 0 native plugins for Editor in 0.00 ms.
Mono: successfully reloaded assembly
- Completed reload, in 23.319 seconds
Platform modules already initialized, skipping
Refreshing native plugins compatible for Editor in 3.39 ms, found 2 plugins.
Preloading 0 native plugins for Editor in 0.01 ms.
Unloading 2099 Unused Serialized files (Serialized files now loaded: 0)
System memory in use before: 89.2 MB.
System memory in use after: 89.3 MB.

Unloading 53 unused Assets to reduce memory usage. Loaded Objects now: 2572.
Total: 18.310200 ms (FindLiveObjects: 0.625600 ms CreateObjectMapping: 0.319600 ms MarkObjects: 17.269000 ms  DeleteObjects: 0.091500 ms)

AssetImportParameters requested are different than current active one (requested -> active):
  custom:framework-win-MediaFoundation: 216162199b28c13a410421893ffa2e32 -> 
  custom:video-decoder-ogg-theora: a1e56fd34408186e4bbccfd4996cb3dc -> 
  custom:container-muxer-webm: aa71ff27fc2769a1b78a27578f13a17b -> 
  custom:container-demuxer-webm: 4f35f7cbe854078d1ac9338744f61a02 -> 
  custom:container-demuxer-ogg: 62fdf1f143b41e24485cea50d1cbac27 -> 
  custom:video-encoder-webm-vp8: eb34c28f22e8b96e1ab97ce403110664 -> 
  custom:video-decoder-webm-vp8: 9c59270c3fd7afecdb556c50c9e8de78 -> 
  custom:audio-decoder-ogg-vorbis: bf7c407c2cedff20999df2af8eb42d56 -> 
  custom:audio-encoder-webm-vorbis: bf7c407c2cedff20999df2af8eb42d56 -> 
========================================================================
Received Prepare
Registering precompiled user dll's ...
Registered in 0.068098 seconds.
Begin MonoManager ReloadAssembly
Native extension for WindowsStandalone target not found
Refreshing native plugins compatible for Editor in 7.26 ms, found 2 plugins.
Preloading 0 native plugins for Editor in 0.00 ms.
Mono: successfully reloaded assembly
- Completed reload, in 15.237 seconds
Platform modules already initialized, skipping
Refreshing native plugins compatible for Editor in 10.34 ms, found 2 plugins.
Preloading 0 native plugins for Editor in 0.00 ms.
Unloading 2099 Unused Serialized files (Serialized files now loaded: 0)
System memory in use before: 89.2 MB.
System memory in use after: 89.3 MB.

Unloading 53 unused Assets to reduce memory usage. Loaded Objects now: 2575.
Total: 45.612100 ms (FindLiveObjects: 0.606500 ms CreateObjectMapping: 4.703600 ms MarkObjects: 40.178200 ms  DeleteObjects: 0.119400 ms)

AssetImportParameters requested are different than current active one (requested -> active):
  custom:framework-win-MediaFoundation: 216162199b28c13a410421893ffa2e32 -> 
  custom:video-decoder-ogg-theora: a1e56fd34408186e4bbccfd4996cb3dc -> 
  custom:container-muxer-webm: aa71ff27fc2769a1b78a27578f13a17b -> 
  custom:container-demuxer-webm: 4f35f7cbe854078d1ac9338744f61a02 -> 
  custom:container-demuxer-ogg: 62fdf1f143b41e24485cea50d1cbac27 -> 
  custom:video-encoder-webm-vp8: eb34c28f22e8b96e1ab97ce403110664 -> 
  custom:video-decoder-webm-vp8: 9c59270c3fd7afecdb556c50c9e8de78 -> 
  custom:audio-decoder-ogg-vorbis: bf7c407c2cedff20999df2af8eb42d56 -> 
  custom:audio-encoder-webm-vorbis: bf7c407c2cedff20999df2af8eb42d56 -> 
========================================================================
Received Prepare
Registering precompiled user dll's ...
Registered in 0.570623 seconds.
Begin MonoManager ReloadAssembly
Native extension for WindowsStandalone target not found
Refreshing native plugins compatible for Editor in 2.17 ms, found 2 plugins.
Preloading 0 native plugins for Editor in 0.00 ms.
Mono: successfully reloaded assembly
- Completed reload, in 21.487 seconds
Platform modules already initialized, skipping
Refreshing native plugins compatible for Editor in 2.36 ms, found 2 plugins.
Preloading 0 native plugins for Editor in 0.00 ms.
Unloading 2099 Unused Serialized files (Serialized files now loaded: 0)
System memory in use before: 89.2 MB.
System memory in use after: 89.3 MB.

Unloading 53 unused Assets to reduce memory usage. Loaded Objects now: 2578.
Total: 39.512600 ms (FindLiveObjects: 0.976800 ms CreateObjectMapping: 0.781100 ms MarkObjects: 37.666500 ms  DeleteObjects: 0.084500 ms)

AssetImportParameters requested are different than current active one (requested -> active):
  custom:framework-win-MediaFoundation: 216162199b28c13a410421893ffa2e32 -> 
  custom:video-decoder-ogg-theora: a1e56fd34408186e4bbccfd4996cb3dc -> 
  custom:container-muxer-webm: aa71ff27fc2769a1b78a27578f13a17b -> 
  custom:container-demuxer-webm: 4f35f7cbe854078d1ac9338744f61a02 -> 
  custom:container-demuxer-ogg: 62fdf1f143b41e24485cea50d1cbac27 -> 
  custom:video-encoder-webm-vp8: eb34c28f22e8b96e1ab97ce403110664 -> 
  custom:video-decoder-webm-vp8: 9c59270c3fd7afecdb556c50c9e8de78 -> 
  custom:audio-decoder-ogg-vorbis: bf7c407c2cedff20999df2af8eb42d56 -> 
  custom:audio-encoder-webm-vorbis: bf7c407c2cedff20999df2af8eb42d56 -> 
========================================================================
Received Prepare
Registering precompiled user dll's ...
Registered in 0.193230 seconds.
Begin MonoManager ReloadAssembly
Native extension for WindowsStandalone target not found
Refreshing native plugins compatible for Editor in 1.67 ms, found 2 plugins.
Preloading 0 native plugins for Editor in 0.00 ms.
Mono: successfully reloaded assembly
- Completed reload, in  9.980 seconds
Platform modules already initialized, skipping
Refreshing native plugins compatible for Editor in 1.73 ms, found 2 plugins.
Preloading 0 native plugins for Editor in 0.00 ms.
Unloading 2099 Unused Serialized files (Serialized files now loaded: 0)
System memory in use before: 89.2 MB.
System memory in use after: 89.3 MB.

Unloading 53 unused Assets to reduce memory usage. Loaded Objects now: 2581.
Total: 41.868000 ms (FindLiveObjects: 5.476300 ms CreateObjectMapping: 1.159800 ms MarkObjects: 35.152700 ms  DeleteObjects: 0.074200 ms)

AssetImportParameters requested are different than current active one (requested -> active):
  custom:framework-win-MediaFoundation: 216162199b28c13a410421893ffa2e32 -> 
  custom:video-decoder-ogg-theora: a1e56fd34408186e4bbccfd4996cb3dc -> 
  custom:container-muxer-webm: aa71ff27fc2769a1b78a27578f13a17b -> 
  custom:container-demuxer-webm: 4f35f7cbe854078d1ac9338744f61a02 -> 
  custom:container-demuxer-ogg: 62fdf1f143b41e24485cea50d1cbac27 -> 
  custom:video-encoder-webm-vp8: eb34c28f22e8b96e1ab97ce403110664 -> 
  custom:video-decoder-webm-vp8: 9c59270c3fd7afecdb556c50c9e8de78 -> 
  custom:audio-decoder-ogg-vorbis: bf7c407c2cedff20999df2af8eb42d56 -> 
  custom:audio-encoder-webm-vorbis: bf7c407c2cedff20999df2af8eb42d56 -> 
========================================================================
Received Prepare
Registering precompiled user dll's ...
Registered in 0.070945 seconds.
Begin MonoManager ReloadAssembly
Native extension for WindowsStandalone target not found
Refreshing native plugins compatible for Editor in 3.59 ms, found 2 plugins.
Preloading 0 native plugins for Editor in 0.00 ms.
Mono: successfully reloaded assembly
- Completed reload, in  8.943 seconds
Platform modules already initialized, skipping
Refreshing native plugins compatible for Editor in 1.60 ms, found 2 plugins.
Preloading 0 native plugins for Editor in 0.00 ms.
Unloading 2099 Unused Serialized files (Serialized files now loaded: 0)
System memory in use before: 89.2 MB.
System memory in use after: 89.3 MB.

Unloading 53 unused Assets to reduce memory usage. Loaded Objects now: 2584.
Total: 27.064800 ms (FindLiveObjects: 6.010100 ms CreateObjectMapping: 1.042200 ms MarkObjects: 19.926800 ms  DeleteObjects: 0.081800 ms)

AssetImportParameters requested are different than current active one (requested -> active):
  custom:framework-win-MediaFoundation: 216162199b28c13a410421893ffa2e32 -> 
  custom:video-decoder-ogg-theora: a1e56fd34408186e4bbccfd4996cb3dc -> 
  custom:container-muxer-webm: aa71ff27fc2769a1b78a27578f13a17b -> 
  custom:container-demuxer-webm: 4f35f7cbe854078d1ac9338744f61a02 -> 
  custom:container-demuxer-ogg: 62fdf1f143b41e24485cea50d1cbac27 -> 
  custom:video-encoder-webm-vp8: eb34c28f22e8b96e1ab97ce403110664 -> 
  custom:video-decoder-webm-vp8: 9c59270c3fd7afecdb556c50c9e8de78 -> 
  custom:audio-decoder-ogg-vorbis: bf7c407c2cedff20999df2af8eb42d56 -> 
  custom:audio-encoder-webm-vorbis: bf7c407c2cedff20999df2af8eb42d56 -> 
========================================================================
Received Prepare
Registering precompiled user dll's ...
Registered in 0.136181 seconds.
Begin MonoManager ReloadAssembly
Native extension for WindowsStandalone target not found
Refreshing native plugins compatible for Editor in 2.40 ms, found 2 plugins.
Preloading 0 native plugins for Editor in 0.00 ms.
Mono: successfully reloaded assembly
- Completed reload, in  9.783 seconds
Platform modules already initialized, skipping
Refreshing native plugins compatible for Editor in 9.02 ms, found 2 plugins.
Preloading 0 native plugins for Editor in 0.00 ms.
Unloading 2099 Unused Serialized files (Serialized files now loaded: 0)
System memory in use before: 89.2 MB.
System memory in use after: 89.3 MB.

Unloading 53 unused Assets to reduce memory usage. Loaded Objects now: 2587.
Total: 43.975100 ms (FindLiveObjects: 3.679000 ms CreateObjectMapping: 1.902200 ms MarkObjects: 38.300800 ms  DeleteObjects: 0.088100 ms)

AssetImportParameters requested are different than current active one (requested -> active):
  custom:framework-win-MediaFoundation: 216162199b28c13a410421893ffa2e32 -> 
  custom:video-decoder-ogg-theora: a1e56fd34408186e4bbccfd4996cb3dc -> 
  custom:container-muxer-webm: aa71ff27fc2769a1b78a27578f13a17b -> 
  custom:container-demuxer-webm: 4f35f7cbe854078d1ac9338744f61a02 -> 
  custom:container-demuxer-ogg: 62fdf1f143b41e24485cea50d1cbac27 -> 
  custom:video-encoder-webm-vp8: eb34c28f22e8b96e1ab97ce403110664 -> 
  custom:video-decoder-webm-vp8: 9c59270c3fd7afecdb556c50c9e8de78 -> 
  custom:audio-decoder-ogg-vorbis: bf7c407c2cedff20999df2af8eb42d56 -> 
  custom:audio-encoder-webm-vorbis: bf7c407c2cedff20999df2af8eb42d56 -> 
========================================================================
Received Prepare
Registering precompiled user dll's ...
Registered in 0.141159 seconds.
Begin MonoManager ReloadAssembly
Native extension for WindowsStandalone target not found
Refreshing native plugins compatible for Editor in 4.00 ms, found 2 plugins.
Preloading 0 native plugins for Editor in 0.00 ms.
Mono: successfully reloaded assembly
- Completed reload, in 10.408 seconds
Platform modules already initialized, skipping
Refreshing native plugins compatible for Editor in 5.50 ms, found 2 plugins.
Preloading 0 native plugins for Editor in 0.00 ms.
Unloading 2099 Unused Serialized files (Serialized files now loaded: 0)
System memory in use before: 89.2 MB.
System memory in use after: 89.4 MB.

Unloading 53 unused Assets to reduce memory usage. Loaded Objects now: 2590.
Total: 20.264000 ms (FindLiveObjects: 0.604400 ms CreateObjectMapping: 0.254500 ms MarkObjects: 19.299600 ms  DeleteObjects: 0.101000 ms)

AssetImportParameters requested are different than current active one (requested -> active):
  custom:framework-win-MediaFoundation: 216162199b28c13a410421893ffa2e32 -> 
  custom:video-decoder-ogg-theora: a1e56fd34408186e4bbccfd4996cb3dc -> 
  custom:container-muxer-webm: aa71ff27fc2769a1b78a27578f13a17b -> 
  custom:container-demuxer-webm: 4f35f7cbe854078d1ac9338744f61a02 -> 
  custom:container-demuxer-ogg: 62fdf1f143b41e24485cea50d1cbac27 -> 
  custom:video-encoder-webm-vp8: eb34c28f22e8b96e1ab97ce403110664 -> 
  custom:video-decoder-webm-vp8: 9c59270c3fd7afecdb556c50c9e8de78 -> 
  custom:audio-decoder-ogg-vorbis: bf7c407c2cedff20999df2af8eb42d56 -> 
  custom:audio-encoder-webm-vorbis: bf7c407c2cedff20999df2af8eb42d56 -> 
========================================================================
Received Import Request.
  Time since last request: 496.915861 seconds.
  path: Assets/Machines/Machine Manager/MachineManager.cs
  artifactKey: Guid(ecb340cb8eb879149a2072cad53e0570) Importer(815301076,1909f56bfc062723c751e8b465ee728b)
Start importing Assets/Machines/Machine Manager/MachineManager.cs using Guid(ecb340cb8eb879149a2072cad53e0570) Importer(815301076,1909f56bfc062723c751e8b465ee728b)  -> (artifact id: 'f00b10c0daf2515a4f986151599fcd02') in 0.062231 seconds 
  Import took 0.097694 seconds .

========================================================================
Received Prepare
Registering precompiled user dll's ...
Registered in 0.390537 seconds.
Begin MonoManager ReloadAssembly
Native extension for WindowsStandalone target not found
Refreshing native plugins compatible for Editor in 2.29 ms, found 2 plugins.
Preloading 0 native plugins for Editor in 0.00 ms.
Mono: successfully reloaded assembly
- Completed reload, in 13.093 seconds
Platform modules already initialized, skipping
Refreshing native plugins compatible for Editor in 1.97 ms, found 2 plugins.
Preloading 0 native plugins for Editor in 0.00 ms.
Unloading 2099 Unused Serialized files (Serialized files now loaded: 0)
System memory in use before: 89.3 MB.
System memory in use after: 89.4 MB.

Unloading 53 unused Assets to reduce memory usage. Loaded Objects now: 2593.
Total: 20.058500 ms (FindLiveObjects: 1.567800 ms CreateObjectMapping: 0.405000 ms MarkObjects: 17.999700 ms  DeleteObjects: 0.081600 ms)

AssetImportParameters requested are different than current active one (requested -> active):
  custom:framework-win-MediaFoundation: 216162199b28c13a410421893ffa2e32 -> 
  custom:video-decoder-ogg-theora: a1e56fd34408186e4bbccfd4996cb3dc -> 
  custom:container-muxer-webm: aa71ff27fc2769a1b78a27578f13a17b -> 
  custom:container-demuxer-webm: 4f35f7cbe854078d1ac9338744f61a02 -> 
  custom:container-demuxer-ogg: 62fdf1f143b41e24485cea50d1cbac27 -> 
  custom:video-encoder-webm-vp8: eb34c28f22e8b96e1ab97ce403110664 -> 
  custom:video-decoder-webm-vp8: 9c59270c3fd7afecdb556c50c9e8de78 -> 
  custom:audio-decoder-ogg-vorbis: bf7c407c2cedff20999df2af8eb42d56 -> 
  custom:audio-encoder-webm-vorbis: bf7c407c2cedff20999df2af8eb42d56 -> 
========================================================================
Received Prepare
Registering precompiled user dll's ...
Registered in 0.084796 seconds.
Begin MonoManager ReloadAssembly
Native extension for WindowsStandalone target not found
Refreshing native plugins compatible for Editor in 7.59 ms, found 2 plugins.
Preloading 0 native plugins for Editor in 0.00 ms.
Mono: successfully reloaded assembly
- Completed reload, in  4.066 seconds
Platform modules already initialized, skipping
Refreshing native plugins compatible for Editor in 1.44 ms, found 2 plugins.
Preloading 0 native plugins for Editor in 0.00 ms.
Unloading 2099 Unused Serialized files (Serialized files now loaded: 0)
System memory in use before: 89.3 MB.
System memory in use after: 89.4 MB.

Unloading 53 unused Assets to reduce memory usage. Loaded Objects now: 2596.
Total: 16.789200 ms (FindLiveObjects: 0.479400 ms CreateObjectMapping: 0.195100 ms MarkObjects: 16.039100 ms  DeleteObjects: 0.072200 ms)

AssetImportParameters requested are different than current active one (requested -> active):
  custom:framework-win-MediaFoundation: 216162199b28c13a410421893ffa2e32 -> 
  custom:video-decoder-ogg-theora: a1e56fd34408186e4bbccfd4996cb3dc -> 
  custom:container-muxer-webm: aa71ff27fc2769a1b78a27578f13a17b -> 
  custom:container-demuxer-webm: 4f35f7cbe854078d1ac9338744f61a02 -> 
  custom:container-demuxer-ogg: 62fdf1f143b41e24485cea50d1cbac27 -> 
  custom:video-encoder-webm-vp8: eb34c28f22e8b96e1ab97ce403110664 -> 
  custom:video-decoder-webm-vp8: 9c59270c3fd7afecdb556c50c9e8de78 -> 
  custom:audio-decoder-ogg-vorbis: bf7c407c2cedff20999df2af8eb42d56 -> 
  custom:audio-encoder-webm-vorbis: bf7c407c2cedff20999df2af8eb42d56 -> 
========================================================================
Received Prepare
Registering precompiled user dll's ...
Registered in 0.038717 seconds.
Begin MonoManager ReloadAssembly
Native extension for WindowsStandalone target not found
Refreshing native plugins compatible for Editor in 1.39 ms, found 2 plugins.
Preloading 0 native plugins for Editor in 0.00 ms.
Mono: successfully reloaded assembly
- Completed reload, in  3.700 seconds
Platform modules already initialized, skipping
Refreshing native plugins compatible for Editor in 1.41 ms, found 2 plugins.
Preloading 0 native plugins for Editor in 0.00 ms.
Unloading 2099 Unused Serialized files (Serialized files now loaded: 0)
System memory in use before: 89.3 MB.
System memory in use after: 89.4 MB.

Unloading 53 unused Assets to reduce memory usage. Loaded Objects now: 2599.
Total: 11.596200 ms (FindLiveObjects: 0.507200 ms CreateObjectMapping: 0.142700 ms MarkObjects: 10.867000 ms  DeleteObjects: 0.075300 ms)

AssetImportParameters requested are different than current active one (requested -> active):
  custom:framework-win-MediaFoundation: 216162199b28c13a410421893ffa2e32 -> 
  custom:video-decoder-ogg-theora: a1e56fd34408186e4bbccfd4996cb3dc -> 
  custom:container-muxer-webm: aa71ff27fc2769a1b78a27578f13a17b -> 
  custom:container-demuxer-webm: 4f35f7cbe854078d1ac9338744f61a02 -> 
  custom:container-demuxer-ogg: 62fdf1f143b41e24485cea50d1cbac27 -> 
  custom:video-encoder-webm-vp8: eb34c28f22e8b96e1ab97ce403110664 -> 
  custom:video-decoder-webm-vp8: 9c59270c3fd7afecdb556c50c9e8de78 -> 
  custom:audio-decoder-ogg-vorbis: bf7c407c2cedff20999df2af8eb42d56 -> 
  custom:audio-encoder-webm-vorbis: bf7c407c2cedff20999df2af8eb42d56 -> 
========================================================================
Received Prepare
Registering precompiled user dll's ...
Registered in 0.025104 seconds.
Begin MonoManager ReloadAssembly
Native extension for WindowsStandalone target not found
Refreshing native plugins compatible for Editor in 1.38 ms, found 2 plugins.
Preloading 0 native plugins for Editor in 0.00 ms.
Mono: successfully reloaded assembly
- Completed reload, in  2.281 seconds
Platform modules already initialized, skipping
Refreshing native plugins compatible for Editor in 1.35 ms, found 2 plugins.
Preloading 0 native plugins for Editor in 0.00 ms.
Unloading 2099 Unused Serialized files (Serialized files now loaded: 0)
System memory in use before: 89.3 MB.
System memory in use after: 89.4 MB.

Unloading 53 unused Assets to reduce memory usage. Loaded Objects now: 2602.
Total: 10.234700 ms (FindLiveObjects: 0.474300 ms CreateObjectMapping: 0.118200 ms MarkObjects: 9.567300 ms  DeleteObjects: 0.071800 ms)

AssetImportParameters requested are different than current active one (requested -> active):
  custom:framework-win-MediaFoundation: 216162199b28c13a410421893ffa2e32 -> 
  custom:video-decoder-ogg-theora: a1e56fd34408186e4bbccfd4996cb3dc -> 
  custom:container-muxer-webm: aa71ff27fc2769a1b78a27578f13a17b -> 
  custom:container-demuxer-webm: 4f35f7cbe854078d1ac9338744f61a02 -> 
  custom:container-demuxer-ogg: 62fdf1f143b41e24485cea50d1cbac27 -> 
  custom:video-encoder-webm-vp8: eb34c28f22e8b96e1ab97ce403110664 -> 
  custom:video-decoder-webm-vp8: 9c59270c3fd7afecdb556c50c9e8de78 -> 
  custom:audio-decoder-ogg-vorbis: bf7c407c2cedff20999df2af8eb42d56 -> 
  custom:audio-encoder-webm-vorbis: bf7c407c2cedff20999df2af8eb42d56 -> 
